<?xml version="1.0" encoding="UTF-8"?>
<!-- Generated by org.testng.reporters.JUnitReportReporter -->
<testsuite hostname="DESKTOP-4RL76BL" failures="0" tests="1" name="TestJson" time="0.078" errors="0" timestamp="2022-11-18T21:59:44 CET" skipped="0">
  <testcase classname="TestJson" name="testJson" time="0.078"/>
  <system-out/>
</testsuite> <!-- TestJson -->
